0 info it worked if it ends with ok
1 verbose cli [ '/usr/local/bin/node',
1 verbose cli   '/usr/local/bin/npm',
1 verbose cli   'install',
1 verbose cli   '-g',
1 verbose cli   'jsdoc' ]
2 info using npm@1.4.28
3 info using node@v0.10.33
4 verbose cache add [ 'jsdoc', null ]
5 verbose cache add name=undefined spec="jsdoc" args=["jsdoc",null]
6 verbose parsed url { protocol: null,
6 verbose parsed url   slashes: null,
6 verbose parsed url   auth: null,
6 verbose parsed url   host: null,
6 verbose parsed url   port: null,
6 verbose parsed url   hostname: null,
6 verbose parsed url   hash: null,
6 verbose parsed url   search: null,
6 verbose parsed url   query: null,
6 verbose parsed url   pathname: 'jsdoc',
6 verbose parsed url   path: 'jsdoc',
6 verbose parsed url   href: 'jsdoc' }
7 silly lockFile 03633e6a-jsdoc jsdoc
8 verbose lock jsdoc /Users/bartekd/.npm/03633e6a-jsdoc.lock
9 silly lockFile 03633e6a-jsdoc jsdoc
10 silly lockFile 03633e6a-jsdoc jsdoc
11 verbose addNamed [ 'jsdoc', '' ]
12 verbose addNamed [ null, '*' ]
13 silly lockFile 5ca36d7c-jsdoc jsdoc@
14 verbose lock jsdoc@ /Users/bartekd/.npm/5ca36d7c-jsdoc.lock
15 silly addNameRange { name: 'jsdoc', range: '*', hasData: false }
16 verbose request where is /jsdoc
17 verbose request registry https://registry.npmjs.org/
18 verbose request id 9cf01b63bdd16acb
19 verbose url raw /jsdoc
20 verbose url resolving [ 'https://registry.npmjs.org/', './jsdoc' ]
21 verbose url resolved https://registry.npmjs.org/jsdoc
22 verbose request where is https://registry.npmjs.org/jsdoc
23 info trying registry request attempt 1 at 10:03:47
24 verbose etag "2YHP7IIRX74G4PB4APW45AFQ5"
25 http GET https://registry.npmjs.org/jsdoc
26 http 304 https://registry.npmjs.org/jsdoc
27 silly registry.get cb [ 304,
27 silly registry.get   { date: 'Fri, 26 Dec 2014 18:03:47 GMT',
27 silly registry.get     server: 'Apache',
27 silly registry.get     via: '1.1 varnish',
27 silly registry.get     'last-modified': 'Fri, 26 Dec 2014 18:02:48 GMT',
27 silly registry.get     'cache-control': 'max-age=60',
27 silly registry.get     etag: '"2YHP7IIRX74G4PB4APW45AFQ5"',
27 silly registry.get     age: '59',
27 silly registry.get     'x-served-by': 'cache-lax1432-LAX',
27 silly registry.get     'x-cache': 'HIT',
27 silly registry.get     'x-cache-hits': '2',
27 silly registry.get     'x-timer': 'S1419617027.886978,VS0,VE0',
27 silly registry.get     vary: 'Accept',
27 silly registry.get     'content-length': '0',
27 silly registry.get     'keep-alive': 'timeout=10, max=50',
27 silly registry.get     connection: 'Keep-Alive' } ]
28 verbose etag https://registry.npmjs.org/jsdoc from cache
29 silly addNameRange number 2 { name: 'jsdoc', range: '*', hasData: true }
30 silly addNameRange versions [ 'jsdoc',
30 silly addNameRange   [ '0.0.0',
30 silly addNameRange     '3.2.0-dev',
30 silly addNameRange     '3.2.0',
30 silly addNameRange     '3.2.1',
30 silly addNameRange     '3.2.2',
30 silly addNameRange     '3.3.0-alpha1',
30 silly addNameRange     '3.3.0-alpha2',
30 silly addNameRange     '3.3.0-alpha3',
30 silly addNameRange     '3.3.0-alpha4',
30 silly addNameRange     '3.3.0-alpha5',
30 silly addNameRange     '3.3.0-alpha7',
30 silly addNameRange     '3.3.0-alpha8',
30 silly addNameRange     '3.3.0-alpha9',
30 silly addNameRange     '3.3.0-alpha10',
30 silly addNameRange     '3.3.0-alpha11',
30 silly addNameRange     '3.3.0-alpha12',
30 silly addNameRange     '3.3.0-alpha13' ] ]
31 verbose addNamed [ 'jsdoc', '3.3.0-alpha13' ]
32 verbose addNamed [ '3.3.0-alpha13', '3.3.0-alpha13' ]
33 silly lockFile af369b9e-jsdoc-3-3-0-alpha13 jsdoc@3.3.0-alpha13
34 verbose lock jsdoc@3.3.0-alpha13 /Users/bartekd/.npm/af369b9e-jsdoc-3-3-0-alpha13.lock
35 silly lockFile af369b9e-jsdoc-3-3-0-alpha13 jsdoc@3.3.0-alpha13
36 silly lockFile af369b9e-jsdoc-3-3-0-alpha13 jsdoc@3.3.0-alpha13
37 silly lockFile 5ca36d7c-jsdoc jsdoc@
38 silly lockFile 5ca36d7c-jsdoc jsdoc@
39 silly resolved [ { name: 'jsdoc',
39 silly resolved     version: '3.3.0-alpha13',
39 silly resolved     revision: '1419376892674',
39 silly resolved     description: 'An API documentation generator for JavaScript.',
39 silly resolved     keywords: [ 'documentation', 'javascript' ],
39 silly resolved     license: 'Apache-2.0',
39 silly resolved     repository: { type: 'git', url: 'https://github.com/jsdoc3/jsdoc' },
39 silly resolved     dependencies:
39 silly resolved      { async: '~0.1.22',
39 silly resolved        catharsis: '~0.8.5',
39 silly resolved        'escape-string-regexp': '~1.0.0',
39 silly resolved        esprima: 'https://github.com/ariya/esprima/tarball/49a2eccb243f29bd653b11e9419241a9d726af7c',
39 silly resolved        js2xmlparser: '~0.1.0',
39 silly resolved        marked: '~0.3.1',
39 silly resolved        requizzle: '~0.2.0',
39 silly resolved        'strip-json-comments': '~0.1.3',
39 silly resolved        taffydb: 'https://github.com/hegemonic/taffydb/tarball/master',
39 silly resolved        underscore: '~1.6.0',
39 silly resolved        wrench: '~1.3.9' },
39 silly resolved     devDependencies:
39 silly resolved      { eslint: '~0.10.2',
39 silly resolved        gulp: '~3.8.5',
39 silly resolved        'gulp-eslint': '~0.1.7',
39 silly resolved        'gulp-json-editor': '~2.0.2',
39 silly resolved        istanbul: '~0.2.1',
39 silly resolved        tv4: 'https://github.com/hegemonic/tv4/tarball/own-properties' },
39 silly resolved     engines: { node: '>=0.10' },
39 silly resolved     scripts: { test: 'gulp test' },
39 silly resolved     bin: { jsdoc: './jsdoc.js' },
39 silly resolved     bugs: { url: 'https://github.com/jsdoc3/jsdoc/issues' },
39 silly resolved     author: { name: 'Michael Mathews', email: 'micmath@gmail.com' },
39 silly resolved     contributors: [ [Object] ],
39 silly resolved     maintainers: [ [Object], [Object] ],
39 silly resolved     gitHead: '3d17a1642a105d854ffad9758d43661b3b6e17f2',
39 silly resolved     homepage: 'https://github.com/jsdoc3/jsdoc',
39 silly resolved     _id: 'jsdoc@3.3.0-alpha13',
39 silly resolved     _shasum: 'ad64b989a4f6fbef3112ab1ee80908328a4ebfd2',
39 silly resolved     _from: 'jsdoc@',
39 silly resolved     _npmVersion: '1.4.28',
39 silly resolved     _npmUser: { name: 'hegemonic', email: 'jeffrey.l.williams@gmail.com' },
39 silly resolved     dist:
39 silly resolved      { shasum: 'ad64b989a4f6fbef3112ab1ee80908328a4ebfd2',
39 silly resolved        tarball: 'http://registry.npmjs.org/jsdoc/-/jsdoc-3.3.0-alpha13.tgz' },
39 silly resolved     directories: {},
39 silly resolved     _resolved: 'https://registry.npmjs.org/jsdoc/-/jsdoc-3.3.0-alpha13.tgz',
39 silly resolved     readme: 'ERROR: No README data found!' } ]
40 info install jsdoc@3.3.0-alpha13 into /usr/local/lib
41 info installOne jsdoc@3.3.0-alpha13
42 verbose lib/node_modules/jsdoc unbuild
43 verbose tar unpack /Users/bartekd/.npm/jsdoc/3.3.0-alpha13/package.tgz
44 silly lockFile 07026282-usr-local-lib-node-modules-jsdoc tar:///usr/local/lib/node_modules/jsdoc
45 verbose lock tar:///usr/local/lib/node_modules/jsdoc /Users/bartekd/.npm/07026282-usr-local-lib-node-modules-jsdoc.lock
46 silly lockFile 30252255--jsdoc-3-3-0-alpha13-package-tgz tar:///Users/bartekd/.npm/jsdoc/3.3.0-alpha13/package.tgz
47 verbose lock tar:///Users/bartekd/.npm/jsdoc/3.3.0-alpha13/package.tgz /Users/bartekd/.npm/30252255--jsdoc-3-3-0-alpha13-package-tgz.lock
48 silly gunzTarPerm modes [ '755', '644' ]
49 error Error: EACCES, mkdir '/usr/local/lib/node_modules/jsdoc'
49 error  { [Error: EACCES, mkdir '/usr/local/lib/node_modules/jsdoc']
49 error   errno: 3,
49 error   code: 'EACCES',
49 error   path: '/usr/local/lib/node_modules/jsdoc',
49 error   fstream_type: 'Directory',
49 error   fstream_path: '/usr/local/lib/node_modules/jsdoc',
49 error   fstream_class: 'DirWriter',
49 error   fstream_stack:
49 error    [ '/usr/local/lib/node_modules/npm/node_modules/fstream/lib/dir-writer.js:36:23',
49 error      '/usr/local/lib/node_modules/npm/node_modules/mkdirp/index.js:46:53',
49 error      'Object.oncomplete (fs.js:107:15)' ] }
50 error Please try running this command again as root/Administrator.
51 error System Darwin 14.0.0
52 error command "/usr/local/bin/node" "/usr/local/bin/npm" "install" "-g" "jsdoc"
53 error cwd /Users/bartekd/Documents/javascript/squareroot.js
54 error node -v v0.10.33
55 error npm -v 1.4.28
56 error path /usr/local/lib/node_modules/jsdoc
57 error fstream_path /usr/local/lib/node_modules/jsdoc
58 error fstream_type Directory
59 error fstream_class DirWriter
60 error code EACCES
61 error errno 3
62 error stack Error: EACCES, mkdir '/usr/local/lib/node_modules/jsdoc'
63 error fstream_stack /usr/local/lib/node_modules/npm/node_modules/fstream/lib/dir-writer.js:36:23
63 error fstream_stack /usr/local/lib/node_modules/npm/node_modules/mkdirp/index.js:46:53
63 error fstream_stack Object.oncomplete (fs.js:107:15)
64 verbose exit [ 3, true ]
